<?xml version="1.0" encoding="UTF-8"?>
<!-- Generated by org.testng.reporters.JUnitReportReporter -->
<testsuite hostname="LAPTOP-OQBK3O27" failures="0" tests="3" name="com.testng.practice.TestNgPractice1Test" time="0.020" errors="0" timestamp="2022-05-17T16:28:05 IST" skipped="0">
  <testcase classname="com.testng.practice.TestNgPractice1Test" name="practiceTest" time="0.003"/>
  <system-out>
    <![CDATA[username2   ---->   password2]]>
  </system-out>
  <testcase classname="com.testng.practice.TestNgPractice1Test" name="practiceTest" time="0.013"/>
  <system-out>
    <![CDATA[username   ---->   password]]>
  </system-out>
  <testcase classname="com.testng.practice.TestNgPractice1Test" name="practiceTest" time="0.004"/>
  <system-out>
    <![CDATA[username1   ---->   password1]]>
  </system-out>
</testsuite> <!-- com.testng.practice.TestNgPractice1Test -->
