<?xml version="1.0" encoding="UTF-8"?>
<!-- Generated by org.testng.reporters.JUnitReportReporter -->
<testsuite hostname="LAPTOP-OQBK3O27" failures="0" tests="2" name="com.vtiger.organization.Test.CreateOrganizationWithIndustryTest" time="80.015" errors="0" timestamp="2022-05-20T14:57:10 IST" skipped="0">
  <testcase classname="com.vtiger.organization.Test.CreateOrganizationWithIndustryTest" name="createOrganizationWithIndustry" time="41.112"/>
  <system-out/>
  <testcase classname="com.vtiger.organization.Test.CreateOrganizationWithIndustryTest" name="createOrganizationWithIndustry" time="38.903"/>
  <system-out/>
</testsuite> <!-- com.vtiger.organization.Test.CreateOrganizationWithIndustryTest -->
