<?xml version="1.0" encoding="UTF-8"?>
<!-- Generated by org.testng.reporters.JUnitReportReporter -->
<testsuite hostname="LAPTOP-OQBK3O27" failures="0" tests="2" name="com.vtiger.campaign.CreateCampaignNmaeWithProduct" time="100.081" errors="0" timestamp="2022-05-20T14:57:10 IST" skipped="0">
  <testcase classname="com.vtiger.campaign.CreateCampaignNmaeWithProduct" name="createProdcutName" time="52.056"/>
  <system-out/>
  <testcase classname="com.vtiger.campaign.CreateCampaignNmaeWithProduct" name="createProdcutName" time="48.025"/>
  <system-out/>
</testsuite> <!-- com.vtiger.campaign.CreateCampaignNmaeWithProduct -->
