<?xml version="1.0" encoding="UTF-8"?>
<!-- Generated by org.testng.reporters.JUnitReportReporter -->
<testsuite hostname="LAPTOP-OQBK3O27" failures="0" tests="3" name="com.testng.practice.TestNgAssertTest" time="0.020" errors="0" timestamp="2022-05-20T17:48:55 IST" skipped="0">
  <testcase classname="com.testng.practice.TestNgAssertTest" name="practiceTest1" time="0.016"/>
  <system-out>
    <![CDATA[Practice1]]>
  </system-out>
  <testcase classname="com.testng.practice.TestNgAssertTest" name="practiceTest3" time="0.002"/>
  <system-out>
    <![CDATA[Practice3]]>
  </system-out>
  <testcase classname="com.testng.practice.TestNgAssertTest" name="practiceTest2" time="0.002"/>
  <system-out>
    <![CDATA[Practice2]]>
  </system-out>
</testsuite> <!-- com.testng.practice.TestNgAssertTest -->
