<?xml version="1.0" encoding="UTF-8"?>
<!-- Generated by org.testng.reporters.JUnitReportReporter -->
<testsuite hostname="LAPTOP-OQBK3O27" failures="0" tests="2" name="com.vtiger.organization.Test.CreateOrganizationTest" time="75.441" errors="0" timestamp="2022-05-20T14:57:10 IST" skipped="0">
  <testcase classname="com.vtiger.organization.Test.CreateOrganizationTest" name="createOrganizationtest" time="39.797"/>
  <system-out/>
  <testcase classname="com.vtiger.organization.Test.CreateOrganizationTest" name="createOrganizationtest" time="35.644"/>
  <system-out/>
</testsuite> <!-- com.vtiger.organization.Test.CreateOrganizationTest -->
