<?xml version="1.0" encoding="UTF-8"?>
<!-- Generated by org.testng.reporters.JUnitReportReporter -->
<testsuite hostname="LAPTOP-OQBK3O27" failures="0" tests="2" name="com.vtiger.contacts.tiger.CreateContactTest" time="82.849" errors="0" timestamp="2022-05-20T14:57:10 IST" skipped="0">
  <testcase classname="com.vtiger.contacts.tiger.CreateContactTest" name="createContactTest" time="37.726"/>
  <system-out/>
  <testcase classname="com.vtiger.contacts.tiger.CreateContactTest" name="createContactTest" time="45.123"/>
  <system-out/>
</testsuite> <!-- com.vtiger.contacts.tiger.CreateContactTest -->
