<?xml version="1.0" encoding="UTF-8"?>
<!-- Generated by org.testng.reporters.JUnitReportReporter -->
<testsuite hostname="LAPTOP-OQBK3O27" failures="0" tests="3" name="com.testng.practice.TestNgPracticeTest" time="0.013" errors="0" timestamp="2022-05-16T16:48:04 IST" skipped="0">
  <testcase classname="com.testng.practice.TestNgPracticeTest" name="practice2Test" time="0.011"/>
  <system-out>
    <![CDATA[TestNgPractice1Test--> Test2]]>
  </system-out>
  <testcase classname="com.testng.practice.TestNgPracticeTest" name="practiceTest" time="0.001"/>
  <system-out>
    <![CDATA[TestNgPractice1Test--> Test1]]>
  </system-out>
  <testcase classname="com.testng.practice.TestNgPracticeTest" name="practice3Test" time="0.001"/>
  <system-out>
    <![CDATA[TestNgPractice1Test--> Test3]]>
  </system-out>
</testsuite> <!-- com.testng.practice.TestNgPracticeTest -->
