<?xml version="1.0" encoding="UTF-8"?>
<!-- Generated by org.testng.reporters.JUnitReportReporter -->
<testsuite hostname="LAPTOP-OQBK3O27" failures="0" tests="2" name="com.testng.practice.TestNgPractice2Test" time="0.020" errors="0" timestamp="2022-05-20T10:26:23 IST" skipped="0">
  <testcase classname="com.testng.practice.TestNgPractice2Test" name="practice2Test" time="0.011"/>
  <system-out>
    <![CDATA[TestNgPractice2Test--> Test2]]>
  </system-out>
  <testcase classname="com.testng.practice.TestNgPractice2Test" name="practice3Test" time="0.009"/>
  <system-out>
    <![CDATA[TestNgPractice3Test--> Test3]]>
  </system-out>
</testsuite> <!-- com.testng.practice.TestNgPractice2Test -->
