<?xml version="1.0" encoding="UTF-8"?>
<!-- Generated by org.testng.reporters.JUnitReportReporter -->
<testsuite hostname="LAPTOP-OQBK3O27" failures="0" tests="1" name="com.vtiger.campaign.TestNgCreateCampaignNameTest" time="32.945" errors="0" timestamp="2022-05-18T22:14:20 IST" skipped="0">
  <testcase classname="com.vtiger.campaign.TestNgCreateCampaignNameTest" name="CreateCampaignNameTest" time="32.945"/>
  <system-out/>
</testsuite> <!-- com.vtiger.campaign.TestNgCreateCampaignNameTest -->
