<?xml version="1.0" encoding="UTF-8"?>
<!-- Generated by org.testng.reporters.JUnitReportReporter -->
<testsuite hostname="LAPTOP-OQBK3O27" failures="0" tests="1" name="com.vtiger.campaign.CreateCampaignNameTest" time="17.025" errors="0" timestamp="2022-05-19T11:11:44 IST" skipped="0">
  <testcase classname="com.vtiger.campaign.CreateCampaignNameTest" name="CreateCampaignNameTest" time="17.025"/>
  <system-out/>
</testsuite> <!-- com.vtiger.campaign.CreateCampaignNameTest -->
