<?xml version="1.0" encoding="UTF-8"?>
<!-- Generated by org.testng.reporters.JUnitReportReporter -->
<testsuite hostname="LAPTOP-OQBK3O27" failures="0" tests="1" name="com.vtiger.product.test.CreateProductTest" time="33.807" errors="0" timestamp="2022-05-19T21:56:41 IST" skipped="0">
  <testcase classname="com.vtiger.product.test.CreateProductTest" name="createProdcutName" time="33.807"/>
  <system-out/>
</testsuite> <!-- com.vtiger.product.test.CreateProductTest -->
